Thu,2018-03-22 09:55:24 [INFO] mysql数据库创建 zhengjing_lixin360 用户
Thu,2018-03-22 09:55:25 [INFO] zhengjing_lixin360 用户信息写入dba_ops.user_info
Thu,2018-03-22 09:56:16 [INFO] mysql数据库锁定 zhengjing_lixin360 用户
Thu,2018-03-22 09:56:16 [INFO] user_info锁定 zhengjing_lixin360 用户
Thu,2018-03-22 10:01:07 [INFO] mysql数据库授予 zhengjing_lixin360 用户 xd_business.cust_base_info_t表的查询权限
Thu,2018-03-22 10:01:07 [INFO] mysql数据库授予 zhengjing_lixin360 用户 xd_p2p.p2p_code_info表的查询权限
Thu,2018-03-22 10:01:07 [INFO] mysql数据库授予 zhengjing_lixin360 用户 xd_business.lemon_a6_result_t表的查询权限
Thu,2018-03-22 10:03:33 [INFO] oracle数据库创建 zhengjing_lixin360 用户
Thu,2018-03-22 10:03:33 [INFO] zhengjing_lixin360 用户信息写入 dba_ops.user_info
Thu,2018-03-22 10:05:05 [INFO] oracle数据库创建 zhengjing_lixin360 用户
Thu,2018-03-22 10:05:05 [INFO] zhengjing_lixin360 用户信息写入 dba_ops.user_info
Thu,2018-03-22 10:06:01 [INFO] oracle数据库锁定 zhengjing_lixin360 用户
Thu,2018-03-22 10:06:01 [INFO] user_info表锁定 zhengjing_lixin360 用户
Thu,2018-03-22 10:07:19 [INFO] oracle数据库授予 zhengjing_lixin360 用户 SR_KX_SN.SNTBL_BUS_APPLY表的查询权限
Thu,2018-03-22 10:07:19 [INFO] oracle数据库授予 zhengjing_lixin360 用户 PCLODS.S_NPLM_YOOLI_LOAN_PHASE表的查询权限
Thu,2018-03-22 10:09:54 [INFO] oracle数据库授予 zhengjing_lixin360 用户 SR_KX_SN.SNTBL_BUS_APPLY表的查询权限
Thu,2018-03-22 10:09:54 [INFO] oracle数据库授予 zhengjing_lixin360 用户 PCLODS.S_NPLM_YOOLI_LOAN_PHASE表的查询权限
Thu,2018-03-22 10:11:22 [INFO] oracle数据库授予 zhengjing_lixin360 用户 sr_lx_bs.crf_p2p_refuse_code_info表的查询权限
Thu,2018-03-22 10:11:22 [INFO] oracle数据库授予 zhengjing_lixin360 用户 sr_lk_cust.t_staff_whitelist表的查询权限
Fri,2018-04-13 09:52:23 [INFO] mysql数据库创建 zhengjing_lixin360 用户
Fri,2018-04-13 09:52:24 [INFO] zhengjing_lixin360 用户信息写入dba_ops.user_info
Fri,2018-04-13 09:53:00 [INFO] mysql数据库授予 zhengjing_lixin360 用户 xd_business.cust_base_info_t表的查询权限
Fri,2018-04-13 09:53:00 [INFO] mysql数据库授予 zhengjing_lixin360 用户 xd_p2p.p2p_code_info表的查询权限
Fri,2018-04-13 09:53:00 [INFO] mysql数据库授予 zhengjing_lixin360 用户 xd_business.lemon_a6_result_t表的查询权限
